[DEBUG] [2024-10-14 14:47:44,082 pid:17736]  SetLoggerLevel returned: 0.
[INFO] [2024-10-14 14:47:44,087 pid:17736]  Calling AxleLuaUpload(,filePath=D://zUP/AXLE_LUA_End_DaHuan_WeiHang_bad.lua).
[INFO] [2024-10-14 14:47:44,087 pid:17736]  Calling __FileUpLoad(10, 'D://zUP/AXLE_LUA_End_DaHuan_WeiHang_bad.lua').
[DEBUG] [2024-10-14 14:47:44,596 pid:17736]  __FileUpLoad returned: 0.
[INFO] [2024-10-14 14:47:44,597 pid:17736]  Calling SetAxleFileType(2).
[DEBUG] [2024-10-14 14:49:14,856 pid:23364]  SetLoggerLevel returned: 0.
[INFO] [2024-10-14 14:49:14,856 pid:23364]  Calling AxleLuaUpload(,filePath=D://zUP/AXLE_LUA_End_DaHuan_WeiHang_bad.lua).
[INFO] [2024-10-14 14:49:14,857 pid:23364]  Calling __FileUpLoad(10, 'D://zUP/AXLE_LUA_End_DaHuan_WeiHang_bad.lua').
[DEBUG] [2024-10-14 14:49:15,361 pid:23364]  __FileUpLoad returned: 0.
[INFO] [2024-10-14 14:49:15,362 pid:23364]  Calling SetAxleFileType(2).
[DEBUG] [2024-10-14 14:49:48,798 pid:25856]  SetLoggerLevel returned: 0.
[INFO] [2024-10-14 14:49:48,799 pid:25856]  Calling AxleLuaUpload(,filePath=D://zUP/AXLE_LUA_End_DaHuan_WeiHang_bad.lua).
[INFO] [2024-10-14 14:49:48,799 pid:25856]  Calling __FileUpLoad(10, 'D://zUP/AXLE_LUA_End_DaHuan_WeiHang_bad.lua').
[DEBUG] [2024-10-14 14:49:49,304 pid:25856]  __FileUpLoad returned: 0.
[INFO] [2024-10-14 14:49:49,304 pid:25856]  Calling SetAxleFileType(2).
[DEBUG] [2024-10-14 14:51:31,306 pid:25028]  SetLoggerLevel returned: 0.
[INFO] [2024-10-14 14:51:31,307 pid:25028]  Calling AxleLuaUpload(,filePath=D://zUP/AXLE_LUA_End_DaHuan_WeiHangBad.lua).
[INFO] [2024-10-14 14:51:31,307 pid:25028]  Calling __FileUpLoad(10, 'D://zUP/AXLE_LUA_End_DaHuan_WeiHangBad.lua').
[DEBUG] [2024-10-14 14:51:31,828 pid:25028]  __FileUpLoad returned: 0.
[INFO] [2024-10-14 14:51:31,830 pid:25028]  Calling SetAxleFileType(2).
[DEBUG] [2024-10-14 14:53:37,682 pid:3784]  SetLoggerLevel returned: 0.
[INFO] [2024-10-14 14:53:37,684 pid:3784]  Calling AxleLuaUpload(,filePath=D://zUP/AXLE_LUA_End_DaHuan_WeiHangBad.lua).
[INFO] [2024-10-14 14:53:37,684 pid:3784]  Calling __FileUpLoad(10, 'D://zUP/AXLE_LUA_End_DaHuan_WeiHangBad.lua').
[DEBUG] [2024-10-14 14:53:38,187 pid:3784]  __FileUpLoad returned: 0.
[INFO] [2024-10-14 14:53:38,188 pid:3784]  Calling SetAxleFileType(2).
[DEBUG] [2024-10-14 14:54:05,120 pid:25640]  SetLoggerLevel returned: 0.
[INFO] [2024-10-14 14:54:05,120 pid:25640]  Calling AxleLuaUpload(,filePath=D://zUP/AXLE_LUA_End_DaHuan_WeiHangBad.lua).
[INFO] [2024-10-14 14:54:05,121 pid:25640]  Calling __FileUpLoad(10, 'D://zUP/AXLE_LUA_End_DaHuan_WeiHangBad.lua').
[DEBUG] [2024-10-14 14:54:05,624 pid:25640]  __FileUpLoad returned: 0.
[INFO] [2024-10-14 14:54:05,625 pid:25640]  Calling SetAxleFileType(2).
[DEBUG] [2024-10-14 14:54:50,064 pid:17156]  SetLoggerLevel returned: 0.
[INFO] [2024-10-14 14:54:50,064 pid:17156]  Calling AxleLuaUpload(,filePath=D://zUP/AXLE_LUA_End_DaHuan_WeiHangBad.lua).
[INFO] [2024-10-14 14:54:50,064 pid:17156]  Calling __FileUpLoad(10, 'D://zUP/AXLE_LUA_End_DaHuan_WeiHangBad.lua').
[DEBUG] [2024-10-14 14:54:50,569 pid:17156]  __FileUpLoad returned: 0.
[INFO] [2024-10-14 14:54:50,570 pid:17156]  Calling SetAxleFileType(2).
[DEBUG] [2024-10-14 15:26:38,416 pid:23880]  SetLoggerLevel returned: 0.
[INFO] [2024-10-14 15:26:38,416 pid:23880]  Calling AxleLuaUpload(,filePath=D://zUP/AXLE_LUA_End_DaHuan_WeiHangBad.lua).
[INFO] [2024-10-14 15:26:38,416 pid:23880]  Calling __FileUpLoad(10, 'D://zUP/AXLE_LUA_End_DaHuan_WeiHangBad.lua').
[DEBUG] [2024-10-14 15:26:38,924 pid:23880]  __FileUpLoad returned: 0.
[INFO] [2024-10-14 15:26:38,925 pid:23880]  Calling SetAxleFileType(2).
[DEBUG] [2024-10-14 15:31:20,227 pid:24984]  SetLoggerLevel returned: 0.
[INFO] [2024-10-14 15:31:20,229 pid:24984]  Calling AxleLuaUpload(,filePath=D://zUP/AXLE_LUA_End_DaHuan_WeiHangBad.lua).
[INFO] [2024-10-14 15:31:20,229 pid:24984]  Calling __FileUpLoad(10, 'D://zUP/AXLE_LUA_End_DaHuan_WeiHangBad.lua').
[DEBUG] [2024-10-14 15:31:20,760 pid:24984]  __FileUpLoad returned: 0.
[INFO] [2024-10-14 15:31:20,760 pid:24984]  Calling SetAxleFileType(2).
[DEBUG] [2024-10-14 15:31:20,774 pid:24984]  SetAxleFileType returned: 0.
[INFO] [2024-10-14 15:31:20,774 pid:24984]  Calling SetSysServoBootMode().
[DEBUG] [2024-10-14 15:31:22,785 pid:24984]  SetSysServoBootMode returned: 0.
[INFO] [2024-10-14 15:31:22,786 pid:24984]  Calling SlaveFileWrite(1, 7, '/tmp/AXLE_LUA_End_DaHuan_WeiHangBad.lua').
[DEBUG] [2024-10-14 15:31:22,814 pid:24984]  SlaveFileWrite returned: 0.
[DEBUG] [2024-10-14 15:31:22,814 pid:24984]  AxleLuaUpload returned: 0.
[DEBUG] [2024-10-14 15:31:51,303 pid:15620]  SetLoggerLevel returned: 0.
[INFO] [2024-10-14 15:31:51,304 pid:15620]  Calling SetAxleCommunicationParam(7, 8, 1, 0, 5, 3, 1000).
[ERROR] [2024-10-14 15:31:51,306 pid:15620]  SetAxleCommunicationParam Error occurred. returned: 14
[INFO] [2024-10-14 15:31:51,307 pid:15620]  Calling GetAxleCommunicationParam().
[ERROR] [2024-10-14 15:31:51,311 pid:15620]  GetAxleCommunicationParam Error occurred. returned: [14, 0, 0, 0, 0, 0, 0, 0]
[INFO] [2024-10-14 15:31:51,311 pid:15620]  Calling SetAxleLuaEnable(1).
[ERROR] [2024-10-14 15:31:51,314 pid:15620]  SetAxleLuaEnable Error occurred. returned: 14
[INFO] [2024-10-14 15:31:51,314 pid:15620]  Calling GetAxleLuaEnableStatus().
[DEBUG] [2024-10-14 15:33:05,175 pid:25736]  SetLoggerLevel returned: 0.
[INFO] [2024-10-14 15:33:05,176 pid:25736]  Calling SetAxleCommunicationParam(7, 8, 1, 0, 5, 3, 1000).
[ERROR] [2024-10-14 15:33:05,178 pid:25736]  SetAxleCommunicationParam Error occurred. returned: 14
[INFO] [2024-10-14 15:33:05,179 pid:25736]  Calling GetAxleCommunicationParam().
[ERROR] [2024-10-14 15:33:05,181 pid:25736]  GetAxleCommunicationParam Error occurred. returned: [14, 0, 0, 0, 0, 0, 0, 0]
[INFO] [2024-10-14 15:33:05,181 pid:25736]  Calling SetAxleLuaEnable(1).
[ERROR] [2024-10-14 15:33:05,184 pid:25736]  SetAxleLuaEnable Error occurred. returned: 14
[INFO] [2024-10-14 15:33:05,184 pid:25736]  Calling GetAxleLuaEnableStatus().
[DEBUG] [2024-10-14 15:33:53,809 pid:17632]  SetLoggerLevel returned: 0.
[INFO] [2024-10-14 15:33:53,810 pid:17632]  Calling SetAxleCommunicationParam(7, 8, 1, 0, 5, 3, 1000).
[ERROR] [2024-10-14 15:33:53,812 pid:17632]  SetAxleCommunicationParam Error occurred. returned: 14
[INFO] [2024-10-14 15:33:53,812 pid:17632]  Calling GetAxleCommunicationParam().
[ERROR] [2024-10-14 15:33:53,814 pid:17632]  GetAxleCommunicationParam Error occurred. returned: [14, 0, 0, 0, 0, 0, 0, 0]
[INFO] [2024-10-14 15:33:53,814 pid:17632]  Calling SetAxleLuaEnable(1).
[ERROR] [2024-10-14 15:33:53,816 pid:17632]  SetAxleLuaEnable Error occurred. returned: 14
[INFO] [2024-10-14 15:33:53,816 pid:17632]  Calling GetAxleLuaEnableStatus().
[DEBUG] [2024-10-14 15:34:26,969 pid:26548]  SetLoggerLevel returned: 0.
[INFO] [2024-10-14 15:34:26,969 pid:26548]  Calling SetAxleCommunicationParam(7, 8, 1, 0, 5, 3, 1000).
[ERROR] [2024-10-14 15:34:26,972 pid:26548]  SetAxleCommunicationParam Error occurred. returned: 14
[INFO] [2024-10-14 15:34:26,973 pid:26548]  Calling GetAxleCommunicationParam().
[ERROR] [2024-10-14 15:34:26,974 pid:26548]  GetAxleCommunicationParam Error occurred. returned: [14, 0, 0, 0, 0, 0, 0, 0]
[INFO] [2024-10-14 15:34:26,975 pid:26548]  Calling SetAxleLuaEnable(1).
[ERROR] [2024-10-14 15:34:26,976 pid:26548]  SetAxleLuaEnable Error occurred. returned: 14
[INFO] [2024-10-14 15:34:26,977 pid:26548]  Calling GetAxleLuaEnableStatus(,enable=0).
[ERROR] [2024-10-14 15:34:26,980 pid:26548]  GetAxleLuaEnableStatus Error occurred. returned: [14, 0]
[INFO] [2024-10-14 15:34:26,980 pid:26548]  Calling SetAxleLuaEnableDeviceType(0, 1, 0).
[DEBUG] [2024-10-14 15:34:27,039 pid:26548]  SetAxleLuaEnableDeviceType returned: 0.
[INFO] [2024-10-14 15:34:27,039 pid:26548]  Calling GetAxleLuaEnableDeviceType().
[DEBUG] [2024-10-14 15:34:27,042 pid:26548]  GetAxleLuaEnableDeviceType returned: (0, 0, 1, 0).
[DEBUG] [2024-10-14 15:38:04,608 pid:23800]  SetLoggerLevel returned: 0.
[INFO] [2024-10-14 15:38:04,608 pid:23800]  Calling SetAxleCommunicationParam(7, 8, 1, 0, 5, 3, 1000).
[ERROR] [2024-10-14 15:38:04,611 pid:23800]  SetAxleCommunicationParam Error occurred. returned: 14
[INFO] [2024-10-14 15:38:04,611 pid:23800]  Calling GetAxleCommunicationParam().
[ERROR] [2024-10-14 15:38:04,613 pid:23800]  GetAxleCommunicationParam Error occurred. returned: [14, 0, 0, 0, 0, 0, 0, 0]
[INFO] [2024-10-14 15:38:04,613 pid:23800]  Calling SetAxleLuaEnable(1).
[ERROR] [2024-10-14 15:38:04,616 pid:23800]  SetAxleLuaEnable Error occurred. returned: 14
[INFO] [2024-10-14 15:38:04,616 pid:23800]  Calling GetAxleLuaEnableStatus(,enable=1).
[ERROR] [2024-10-14 15:38:04,618 pid:23800]  GetAxleLuaEnableStatus Error occurred. returned: [14, 0]
[INFO] [2024-10-14 15:38:04,618 pid:23800]  Calling SetAxleLuaEnableDeviceType(0, 1, 0).
[DEBUG] [2024-10-14 15:38:04,656 pid:23800]  SetAxleLuaEnableDeviceType returned: 0.
[INFO] [2024-10-14 15:38:04,657 pid:23800]  Calling GetAxleLuaEnableDeviceType().
[DEBUG] [2024-10-14 15:38:04,659 pid:23800]  GetAxleLuaEnableDeviceType returned: (0, 0, 1, 0).
[DEBUG] [2024-10-14 15:38:40,053 pid:968]  SetLoggerLevel returned: 0.
[INFO] [2024-10-14 15:38:40,053 pid:968]  Calling SetAxleCommunicationParam(7, 8, 1, 0, 5, 3, 1000).
[ERROR] [2024-10-14 15:38:40,057 pid:968]  SetAxleCommunicationParam Error occurred. returned: 14
[INFO] [2024-10-14 15:38:40,057 pid:968]  Calling GetAxleCommunicationParam().
[ERROR] [2024-10-14 15:38:40,059 pid:968]  GetAxleCommunicationParam Error occurred. returned: [14, 0, 0, 0, 0, 0, 0, 0]
[INFO] [2024-10-14 15:38:40,060 pid:968]  Calling SetAxleLuaEnable(1).
[ERROR] [2024-10-14 15:38:40,062 pid:968]  SetAxleLuaEnable Error occurred. returned: 14
[INFO] [2024-10-14 15:38:40,062 pid:968]  Calling GetAxleLuaEnableStatus(,enable=1).
[ERROR] [2024-10-14 15:38:40,064 pid:968]  GetAxleLuaEnableStatus Error occurred. returned: [14, 0]
[INFO] [2024-10-14 15:38:40,064 pid:968]  Calling SetAxleLuaEnableDeviceType(0, 1, 0).
[DEBUG] [2024-10-14 15:38:40,095 pid:968]  SetAxleLuaEnableDeviceType returned: 0.
[INFO] [2024-10-14 15:38:40,096 pid:968]  Calling GetAxleLuaEnableDeviceType().
[DEBUG] [2024-10-14 15:38:40,098 pid:968]  GetAxleLuaEnableDeviceType returned: (0, 0, 1, 0).
[DEBUG] [2024-10-14 15:39:16,068 pid:20032]  SetLoggerLevel returned: 0.
[INFO] [2024-10-14 15:39:16,068 pid:20032]  Calling AxleLuaUpload(,filePath=D://zUP/AXLE_LUA_End_DaHuan_WeiHangBad.lua).
[INFO] [2024-10-14 15:39:16,068 pid:20032]  Calling __FileUpLoad(10, 'D://zUP/AXLE_LUA_End_DaHuan_WeiHangBad.lua').
[DEBUG] [2024-10-14 15:39:16,572 pid:20032]  __FileUpLoad returned: 0.
[INFO] [2024-10-14 15:39:16,572 pid:20032]  Calling SetAxleFileType(2).
[ERROR] [2024-10-14 15:39:16,575 pid:20032]  SetAxleFileType Error occurred. returned: 14
[ERROR] [2024-10-14 15:39:16,575 pid:20032]  AxleLuaUpload Error occurred. returned: -1
[DEBUG] [2024-10-14 15:40:21,790 pid:26280]  SetLoggerLevel returned: 0.
[INFO] [2024-10-14 15:40:21,792 pid:26280]  Calling AxleLuaUpload(,filePath=D://zUP/AXLE_LUA_End_DaHuan_WeiHangBad.lua).
[INFO] [2024-10-14 15:40:21,792 pid:26280]  Calling __FileUpLoad(10, 'D://zUP/AXLE_LUA_End_DaHuan_WeiHangBad.lua').
[DEBUG] [2024-10-14 15:40:22,325 pid:26280]  __FileUpLoad returned: 0.
[INFO] [2024-10-14 15:40:22,325 pid:26280]  Calling SetAxleFileType(2).
[DEBUG] [2024-10-14 15:40:22,338 pid:26280]  SetAxleFileType returned: 0.
[INFO] [2024-10-14 15:40:22,338 pid:26280]  Calling SetSysServoBootMode().
[DEBUG] [2024-10-14 15:40:24,348 pid:26280]  SetSysServoBootMode returned: 0.
[INFO] [2024-10-14 15:40:24,349 pid:26280]  Calling SlaveFileWrite(1, 7, '/tmp/AXLE_LUA_End_DaHuan_WeiHangBad.lua').
[DEBUG] [2024-10-14 15:40:24,375 pid:26280]  SlaveFileWrite returned: 0.
[DEBUG] [2024-10-14 15:40:24,375 pid:26280]  AxleLuaUpload returned: 0.
[DEBUG] [2024-10-14 15:41:27,547 pid:23724]  SetLoggerLevel returned: 0.
[INFO] [2024-10-14 15:41:27,547 pid:23724]  Calling SetAxleCommunicationParam(7, 8, 1, 0, 5, 3, 1000).
[DEBUG] [2024-10-14 15:41:27,853 pid:23724]  SetAxleCommunicationParam returned: 0.
[INFO] [2024-10-14 15:41:27,854 pid:23724]  Calling GetAxleCommunicationParam().
[DEBUG] [2024-10-14 15:41:28,157 pid:23724]  GetAxleCommunicationParam returned: (0, 7, 8, 1, 0, 5, 3, 1000).
[INFO] [2024-10-14 15:41:28,158 pid:23724]  Calling SetAxleLuaEnable(1).
[DEBUG] [2024-10-14 15:41:28,167 pid:23724]  SetAxleLuaEnable returned: 0.
[INFO] [2024-10-14 15:41:28,167 pid:23724]  Calling GetAxleLuaEnableStatus(,enable=1).
[DEBUG] [2024-10-14 15:41:28,177 pid:23724]  GetAxleLuaEnableStatus returned: (0, 1).
[INFO] [2024-10-14 15:41:28,177 pid:23724]  Calling SetAxleLuaEnableDeviceType(0, 1, 0).
[DEBUG] [2024-10-14 15:41:28,211 pid:23724]  SetAxleLuaEnableDeviceType returned: 0.
[INFO] [2024-10-14 15:41:28,211 pid:23724]  Calling GetAxleLuaEnableDeviceType().
[DEBUG] [2024-10-14 15:41:28,214 pid:23724]  GetAxleLuaEnableDeviceType returned: (0, 0, 1, 0).
[DEBUG] [2024-10-14 15:42:09,386 pid:23228]  SetLoggerLevel returned: 0.
[INFO] [2024-10-14 15:42:09,386 pid:23228]  Calling AxleLuaUpload(,filePath=D://zUP/AXLE_LUA_End_DaHuan_WeiHang.lua).
[INFO] [2024-10-14 15:42:09,386 pid:23228]  Calling __FileUpLoad(10, 'D://zUP/AXLE_LUA_End_DaHuan_WeiHang.lua').
[DEBUG] [2024-10-14 15:42:09,893 pid:23228]  __FileUpLoad returned: 0.
[INFO] [2024-10-14 15:42:09,893 pid:23228]  Calling SetAxleFileType(2).
[DEBUG] [2024-10-14 15:42:09,904 pid:23228]  SetAxleFileType returned: 0.
[INFO] [2024-10-14 15:42:09,905 pid:23228]  Calling SetSysServoBootMode().
[DEBUG] [2024-10-14 15:42:11,915 pid:23228]  SetSysServoBootMode returned: 0.
[INFO] [2024-10-14 15:42:11,915 pid:23228]  Calling SlaveFileWrite(1, 7, '/tmp/AXLE_LUA_End_DaHuan_WeiHang.lua').
[DEBUG] [2024-10-14 15:42:12,340 pid:23228]  SlaveFileWrite returned: 0.
[DEBUG] [2024-10-14 15:42:12,340 pid:23228]  AxleLuaUpload returned: 0.
[DEBUG] [2024-10-14 15:43:12,513 pid:8316]  SetLoggerLevel returned: 0.
[INFO] [2024-10-14 15:43:12,513 pid:8316]  Calling SetAxleCommunicationParam(7, 8, 1, 0, 5, 3, 1000).
[DEBUG] [2024-10-14 15:43:12,817 pid:8316]  SetAxleCommunicationParam returned: 0.
[INFO] [2024-10-14 15:43:12,818 pid:8316]  Calling GetAxleCommunicationParam().
[DEBUG] [2024-10-14 15:43:13,121 pid:8316]  GetAxleCommunicationParam returned: (0, 7, 8, 1, 0, 5, 3, 1000).
[INFO] [2024-10-14 15:43:13,122 pid:8316]  Calling SetAxleLuaEnable(1).
[DEBUG] [2024-10-14 15:43:13,130 pid:8316]  SetAxleLuaEnable returned: 0.
[INFO] [2024-10-14 15:43:13,131 pid:8316]  Calling GetAxleLuaEnableStatus(,enable=1).
[DEBUG] [2024-10-14 15:43:13,171 pid:8316]  GetAxleLuaEnableStatus returned: (0, 1).
[INFO] [2024-10-14 15:43:13,172 pid:8316]  Calling SetAxleLuaEnableDeviceType(0, 1, 0).
[DEBUG] [2024-10-14 15:43:13,206 pid:8316]  SetAxleLuaEnableDeviceType returned: 0.
[INFO] [2024-10-14 15:43:13,207 pid:8316]  Calling GetAxleLuaEnableDeviceType().
[DEBUG] [2024-10-14 15:43:13,209 pid:8316]  GetAxleLuaEnableDeviceType returned: (0, 0, 1, 0).
[DEBUG] [2024-10-14 16:28:43,353 pid:2900]  SetLoggerLevel returned: 0.
[INFO] [2024-10-14 16:28:43,379 pid:2900]  Calling AxleLuaUpload(,filePath=D://zUP/AXLE_LUA_End_DaHuan_WeiHangBad.lua).
[INFO] [2024-10-14 16:28:43,380 pid:2900]  Calling __FileUpLoad(10, 'D://zUP/AXLE_LUA_End_DaHuan_WeiHangBad.lua').
[DEBUG] [2024-10-14 16:28:43,909 pid:2900]  __FileUpLoad returned: 0.
[INFO] [2024-10-14 16:28:43,909 pid:2900]  Calling SetAxleFileType(2).
[DEBUG] [2024-10-14 16:28:43,922 pid:2900]  SetAxleFileType returned: 0.
[INFO] [2024-10-14 16:28:43,923 pid:2900]  Calling SetSysServoBootMode().
[DEBUG] [2024-10-14 16:28:45,933 pid:2900]  SetSysServoBootMode returned: 0.
[INFO] [2024-10-14 16:28:45,935 pid:2900]  Calling SlaveFileWrite(1, 7, '/tmp/AXLE_LUA_End_DaHuan_WeiHangBad.lua').
[DEBUG] [2024-10-14 16:28:45,963 pid:2900]  SlaveFileWrite returned: 0.
[DEBUG] [2024-10-14 16:28:45,963 pid:2900]  AxleLuaUpload returned: 0.
[DEBUG] [2024-10-14 16:29:15,594 pid:4240]  SetLoggerLevel returned: 0.
[INFO] [2024-10-14 16:29:15,595 pid:4240]  Calling AxleLuaUpload(,filePath=D://zUP/AXLE_LUA_End_DaHuan_WeiHang.lua).
[INFO] [2024-10-14 16:29:15,595 pid:4240]  Calling __FileUpLoad(10, 'D://zUP/AXLE_LUA_End_DaHuan_WeiHang.lua').
[DEBUG] [2024-10-14 16:29:16,119 pid:4240]  __FileUpLoad returned: 0.
[INFO] [2024-10-14 16:29:16,119 pid:4240]  Calling SetAxleFileType(2).
[ERROR] [2024-10-14 16:29:16,122 pid:4240]  SetAxleFileType Error occurred. returned: 14
[ERROR] [2024-10-14 16:29:16,122 pid:4240]  AxleLuaUpload Error occurred. returned: -1
[DEBUG] [2024-10-14 16:30:15,018 pid:21932]  SetLoggerLevel returned: 0.
[INFO] [2024-10-14 16:30:15,018 pid:21932]  Calling SetAxleCommunicationParam(7, 8, 1, 0, 5, 3, 1000).
[DEBUG] [2024-10-14 16:30:15,320 pid:21932]  SetAxleCommunicationParam returned: 0.
[INFO] [2024-10-14 16:30:15,322 pid:21932]  Calling GetAxleCommunicationParam().
[DEBUG] [2024-10-14 16:30:15,626 pid:21932]  GetAxleCommunicationParam returned: (0, 7, 8, 1, 0, 5, 3, 1000).
[INFO] [2024-10-14 16:30:15,627 pid:21932]  Calling SetAxleLuaEnable(1).
[DEBUG] [2024-10-14 16:30:15,635 pid:21932]  SetAxleLuaEnable returned: 0.
[INFO] [2024-10-14 16:30:15,636 pid:21932]  Calling GetAxleLuaEnableStatus(,enable=1).
[DEBUG] [2024-10-14 16:30:15,645 pid:21932]  GetAxleLuaEnableStatus returned: (0, 1).
[INFO] [2024-10-14 16:30:15,646 pid:21932]  Calling SetAxleLuaEnableDeviceType(0, 1, 0).
[DEBUG] [2024-10-14 16:30:15,693 pid:21932]  SetAxleLuaEnableDeviceType returned: 0.
[INFO] [2024-10-14 16:30:15,693 pid:21932]  Calling GetAxleLuaEnableDeviceType().
[DEBUG] [2024-10-14 16:30:15,697 pid:21932]  GetAxleLuaEnableDeviceType returned: (0, 0, 1, 0).
[DEBUG] [2024-10-14 16:30:29,588 pid:26616]  SetLoggerLevel returned: 0.
[INFO] [2024-10-14 16:30:29,588 pid:26616]  Calling AxleLuaUpload(,filePath=D://zUP/AXLE_LUA_End_DaHuan_WeiHang.lua).
[INFO] [2024-10-14 16:30:29,588 pid:26616]  Calling __FileUpLoad(10, 'D://zUP/AXLE_LUA_End_DaHuan_WeiHang.lua').
[DEBUG] [2024-10-14 16:30:30,096 pid:26616]  __FileUpLoad returned: 0.
[INFO] [2024-10-14 16:30:30,097 pid:26616]  Calling SetAxleFileType(2).
[DEBUG] [2024-10-14 16:30:30,104 pid:26616]  SetAxleFileType returned: 0.
[INFO] [2024-10-14 16:30:30,105 pid:26616]  Calling SetSysServoBootMode().
[DEBUG] [2024-10-14 16:30:32,115 pid:26616]  SetSysServoBootMode returned: 0.
[INFO] [2024-10-14 16:30:32,116 pid:26616]  Calling SlaveFileWrite(1, 7, '/tmp/AXLE_LUA_End_DaHuan_WeiHang.lua').
[DEBUG] [2024-10-14 16:30:32,542 pid:26616]  SlaveFileWrite returned: 0.
[DEBUG] [2024-10-14 16:30:32,542 pid:26616]  AxleLuaUpload returned: 0.
[DEBUG] [2024-10-14 16:38:02,370 pid:25244]  SetLoggerLevel returned: 0.
[INFO] [2024-10-14 16:38:02,371 pid:25244]  Calling AxleLuaUpload(,filePath=D://zUP/AXLE_LUA_End_DaHuan_WeiHangBad.lua).
[INFO] [2024-10-14 16:38:02,372 pid:25244]  Calling __FileUpLoad(10, 'D://zUP/AXLE_LUA_End_DaHuan_WeiHangBad.lua').
[DEBUG] [2024-10-14 16:38:02,897 pid:25244]  __FileUpLoad returned: 0.
[INFO] [2024-10-14 16:38:02,898 pid:25244]  Calling SetAxleFileType(2).
[DEBUG] [2024-10-14 16:38:02,943 pid:25244]  SetAxleFileType returned: 0.
[INFO] [2024-10-14 16:38:02,943 pid:25244]  Calling SetSysServoBootMode().
[DEBUG] [2024-10-14 16:38:05,954 pid:25244]  SetSysServoBootMode returned: 0.
[INFO] [2024-10-14 16:38:05,955 pid:25244]  Calling SlaveFileWrite(1, 7, '/tmp/AXLE_LUA_End_DaHuan_WeiHangBad.lua').
[DEBUG] [2024-10-14 16:38:05,964 pid:25244]  SlaveFileWrite returned: 0.
[DEBUG] [2024-10-14 16:38:05,965 pid:25244]  AxleLuaUpload returned: 0.
[DEBUG] [2024-10-14 16:39:11,886 pid:22724]  SetLoggerLevel returned: 0.
[INFO] [2024-10-14 16:39:11,886 pid:22724]  Calling SetAxleCommunicationParam(7, 8, 1, 0, 5, 3, 1000).
[DEBUG] [2024-10-14 16:39:12,190 pid:22724]  SetAxleCommunicationParam returned: 0.
[INFO] [2024-10-14 16:39:12,191 pid:22724]  Calling GetAxleCommunicationParam().
[DEBUG] [2024-10-14 16:39:12,495 pid:22724]  GetAxleCommunicationParam returned: (0, 7, 8, 1, 0, 5, 3, 1000).
[INFO] [2024-10-14 16:39:12,495 pid:22724]  Calling SetAxleLuaEnable(1).
[DEBUG] [2024-10-14 16:39:12,504 pid:22724]  SetAxleLuaEnable returned: 0.
[INFO] [2024-10-14 16:39:12,506 pid:22724]  Calling GetAxleLuaEnableStatus(,enable=1).
[DEBUG] [2024-10-14 16:39:12,515 pid:22724]  GetAxleLuaEnableStatus returned: (0, 1).
[INFO] [2024-10-14 16:39:12,515 pid:22724]  Calling SetAxleLuaEnableDeviceType(0, 1, 0).
[DEBUG] [2024-10-14 16:39:12,560 pid:22724]  SetAxleLuaEnableDeviceType returned: 0.
[INFO] [2024-10-14 16:39:12,560 pid:22724]  Calling GetAxleLuaEnableDeviceType().
[DEBUG] [2024-10-14 16:39:12,563 pid:22724]  GetAxleLuaEnableDeviceType returned: (0, 0, 1, 0).
[DEBUG] [2024-10-14 16:41:44,361 pid:25656]  SetLoggerLevel returned: 0.
[INFO] [2024-10-14 16:41:44,362 pid:25656]  Calling AxleLuaUpload(,filePath=D://zUP/AXLE_LUA_End_DaHuan_WeiHang.lua).
[INFO] [2024-10-14 16:41:44,362 pid:25656]  Calling __FileUpLoad(10, 'D://zUP/AXLE_LUA_End_DaHuan_WeiHang.lua').
[DEBUG] [2024-10-14 16:41:44,892 pid:25656]  __FileUpLoad returned: 0.
[INFO] [2024-10-14 16:41:44,892 pid:25656]  Calling SetAxleFileType(2).
[DEBUG] [2024-10-14 16:41:44,904 pid:25656]  SetAxleFileType returned: 0.
[INFO] [2024-10-14 16:41:44,905 pid:25656]  Calling SetSysServoBootMode().
[DEBUG] [2024-10-14 16:41:46,916 pid:25656]  SetSysServoBootMode returned: 0.
[INFO] [2024-10-14 16:41:46,917 pid:25656]  Calling SlaveFileWrite(1, 7, '/tmp/AXLE_LUA_End_DaHuan_WeiHang.lua').
[DEBUG] [2024-10-14 16:41:47,348 pid:25656]  SlaveFileWrite returned: 0.
[DEBUG] [2024-10-14 16:41:47,348 pid:25656]  AxleLuaUpload returned: 0.
